<?xml version="1.0" encoding="UTF-8" ?>
<testsuite tests="19" failures="0" name="com.dauphine.TP3_AGILE.RunCucumberTest" time="0.209" errors="0" skipped="17">
  <properties>
[...]
</properties>
  <testcase classname="US 1 - Creer un Padawan" name="Cr�ation d&apos;un padawan" time="0.189"/>
  <testcase classname="US 1 - Creer un Padawan" name="V�rifier l&apos;age du padawan" time="0.002"/>
  <testcase classname="US 1 - Creer un Padawan" name="V�rifier l&apos;age du padawan" time="0.003">
    <skipped/>
    <system-out>
  @tag @tag2
  Scenario Outline: V?rifier l&apos;age du padawan                                      &amp;#27;[90m# com/dauphine/TP3_AGILE/US 1 - Creer un padawan.feature:30&amp;#27;[0m
    &amp;#27;[33mGiven &amp;#27;[0m&amp;#27;[33mPour pouvoir ins?rer un age au padawan, il faut lui donner une valeur 27&amp;#27;[0m &amp;#27;[90m# null&amp;#27;[0m
    &amp;#27;[36mWhen &amp;#27;[0m&amp;#27;[36mle cr?ateur d&apos;univers valide l&apos;age du padawan&amp;#27;[0m                             &amp;#27;[90m# CreationPadawan.le_cr_ateur_d_univers_valide_l_age_du_padawan()&amp;#27;[0m
    &amp;#27;[36mThen &amp;#27;[0m&amp;#27;[36ml&apos;age doit ?tre obligatoirement sup?rieur ? O&amp;#27;[0m                             &amp;#27;[90m# CreationPadawan.l_age_doit_tre_obligatoirement_sup_rieur_O()&amp;#27;[0m
</system-out>
  </testcase>
  <testcase classname="US 2 - Cr�er un ma�tre" name="Cr�ation d&apos;un ma�tre" time="0.001">
    <skipped/>
    <system-out>
@tag
Feature: US 2 - Cr?er un ma?tre
  I want to use this template for my feature file

En tant que createur d&apos;univers
Je veux pouvoir creer un maitre Jedi qui poss?de un nom, prenom, faction et un age
afin d enrichir l&apos;univers star wars

  @tag1
  Scenario Outline: Cr?ation d&apos;un ma?tre &amp;#27;[90m# com/dauphine/TP3_AGILE/US 2 - Creer un maitre.feature:12&amp;#27;[0m
    &amp;#27;[36mGiven La cr?ation d&apos;un ma?tre poss?dant un &lt;nom&gt; &lt;prenom&gt; &lt;faction&gt;&amp;#27;[0m
    &amp;#27;[36mWhen le cr?ateur d&apos;univers valide la cr?ation d&apos;un ma?tre apr?s avoir renseign? ces informations&amp;#27;[0m
    &amp;#27;[36mThen ce nom, pr?nom et faction sont attribu?s au ma?tre&amp;#27;[0m

    Examples: 

  @tag @tag1
  Scenario Outline: Cr?ation d&apos;un ma?tre                                                             &amp;#27;[90m# com/dauphine/TP3_AGILE/US 2 - Creer un maitre.feature:19&amp;#27;[0m
    &amp;#27;[33mGiven &amp;#27;[0m&amp;#27;[33mLa cr?ation d&apos;un ma?tre poss?dant un Kenobi Obiwan Jedi&amp;#27;[0m                                    &amp;#27;[90m# null&amp;#27;[0m
    &amp;#27;[33mWhen &amp;#27;[0m&amp;#27;[33mle cr?ateur d&apos;univers valide la cr?ation d&apos;un ma?tre apr?s avoir renseign? ces informations&amp;#27;[0m &amp;#27;[90m# null&amp;#27;[0m
    &amp;#27;[33mThen &amp;#27;[0m&amp;#27;[33mce nom, pr?nom et faction sont attribu?s au ma?tre&amp;#27;[0m                                          &amp;#27;[90m# null&amp;#27;[0m
</system-out>
  </testcase>
  <testcase classname="US 2 - Cr�er un ma�tre" name="Cr�ation d&apos;un ma�tre" time="0.001">
    <skipped/>
  </testcase>
  <testcase classname="US 2 - Cr�er un ma�tre" name="Cr�ation d&apos;un ma�tre" time="0.001">
    <skipped/>
  </testcase>
  <testcase classname="US 2 - Cr�er un ma�tre" name="V�rifier l&apos;age du ma�tre" time="0">
    <skipped/>
    <system-out>
  @tag2
  Scenario Outline: V?rifier l&apos;age du ma?tre &amp;#27;[90m# com/dauphine/TP3_AGILE/US 2 - Creer un maitre.feature:22&amp;#27;[0m
    &amp;#27;[36mGiven Pour pouvoir ins?rer un age au ma?tre, il faut lui donner une valeur &lt;age&gt;&amp;#27;[0m
    &amp;#27;[36mWhen le cr?ateur d&apos;univers valide l&apos;age du ma?tre&amp;#27;[0m
    &amp;#27;[36mThen l&apos;age doit ?tre obligatoirement sup?rieur ? O&amp;#27;[0m

    Examples: 

  @tag @tag2
  Scenario Outline: V?rifier l&apos;age du ma?tre                                      &amp;#27;[90m# com/dauphine/TP3_AGILE/US 2 - Creer un maitre.feature:29&amp;#27;[0m
    &amp;#27;[33mGiven &amp;#27;[0m&amp;#27;[33mPour pouvoir ins?rer un age au ma?tre, il faut lui donner une valeur -5&amp;#27;[0m &amp;#27;[90m# null&amp;#27;[0m
    &amp;#27;[33mWhen &amp;#27;[0m&amp;#27;[33mle cr?ateur d&apos;univers valide l&apos;age du ma?tre&amp;#27;[0m                             &amp;#27;[90m# null&amp;#27;[0m
    &amp;#27;[36mThen &amp;#27;[0m&amp;#27;[36ml&apos;age doit ?tre obligatoirement sup?rieur ? O&amp;#27;[0m                            &amp;#27;[90m# CreationPadawan.l_age_doit_tre_obligatoirement_sup_rieur_O()&amp;#27;[0m
</system-out>
  </testcase>
  <testcase classname="US 2 - Cr�er un ma�tre" name="V�rifier l&apos;age du ma�tre" time="0.001">
    <skipped/>
  </testcase>
  <testcase classname="US 2 - Cr�er un ma�tre" name="V�rifier l&apos;age du ma�tre" time="0.001">
    <skipped/>
    <system-out>
  @tag @tag2
  Scenario Outline: V?rifier l&apos;age du ma?tre                                      &amp;#27;[90m# com/dauphine/TP3_AGILE/US 2 - Creer un maitre.feature:30&amp;#27;[0m
    &amp;#27;[33mGiven &amp;#27;[0m&amp;#27;[33mPour pouvoir ins?rer un age au ma?tre, il faut lui donner une valeur 27&amp;#27;[0m &amp;#27;[90m# null&amp;#27;[0m
    &amp;#27;[33mWhen &amp;#27;[0m&amp;#27;[33mle cr?ateur d&apos;univers valide l&apos;age du ma?tre&amp;#27;[0m                             &amp;#27;[90m# null&amp;#27;[0m
    &amp;#27;[36mThen &amp;#27;[0m&amp;#27;[36ml&apos;age doit ?tre obligatoirement sup?rieur ? O&amp;#27;[0m                            &amp;#27;[90m# CreationPadawan.l_age_doit_tre_obligatoirement_sup_rieur_O()&amp;#27;[0m
</system-out>
  </testcase>
  <testcase classname="US 2 - Cr�er un ma�tre" name="V�rifier l&apos;age du ma�tre" time="0.001">
    <skipped/>
  </testcase>
  <testcase classname="US 3 - Pour un padawan pouvoir lui attribuer un maitre" name="Attribuer un maitre a un padawan" time="0.001">
    <skipped/>
    <system-out>
@tag
Feature: US 3 - Pour un padawan pouvoir lui attribuer un maitre
En tant que createur d univers, je veux pouvoir attribuer un maitre ? un padawan

  @tag @tag1
  Scenario: Attribuer un maitre a un padawan                                 &amp;#27;[90m# com/dauphine/TP3_AGILE/US 3 - Pour un padawan pouvoir lui attribuer un maître.feature:9&amp;#27;[0m
    &amp;#27;[33mGiven &amp;#27;[0m&amp;#27;[33mun padawan et un maitre existant&amp;#27;[0m                                   &amp;#27;[90m# null&amp;#27;[0m
    &amp;#27;[33mWhen &amp;#27;[0m&amp;#27;[33mle createur d univers valide l attribution d&apos;un maitre a un padawan&amp;#27;[0m &amp;#27;[90m# null&amp;#27;[0m
    &amp;#27;[33mThen &amp;#27;[0m&amp;#27;[33mce maitre est attribue au padawan&amp;#27;[0m                                   &amp;#27;[90m# null&amp;#27;[0m
</system-out>
  </testcase>
  <testcase classname="US 3 - Pour un padawan pouvoir lui attribuer un maitre" name="Attribuer un maitre a un padawan" time="0.001">
    <skipped/>
  </testcase>
  <testcase classname="US 3 - Pour un padawan pouvoir lui attribuer un maitre" name="Attribuer un maitre a un padawan" time="0.001">
    <skipped/>
  </testcase>
  <testcase classname="US 3 - Pour un padawan pouvoir lui attribuer un maitre" name="Attribuer un meme maitre (meme nom et prenom) a un padawan" time="0.001">
    <skipped/>
    <system-out>
  @tag @tag2
  Scenario: Attribuer un meme maitre (meme nom et prenom) a un padawan            &amp;#27;[90m# com/dauphine/TP3_AGILE/US 3 - Pour un padawan pouvoir lui attribuer un maître.feature:15&amp;#27;[0m
    &amp;#27;[33mGiven &amp;#27;[0m&amp;#27;[33mun padawan et un maitre existant&amp;#27;[0m                                        &amp;#27;[90m# null&amp;#27;[0m
    &amp;#27;[33mWhen &amp;#27;[0m&amp;#27;[33mle createur d univers valide l attribution d&apos;un meme maitre a un padawan&amp;#27;[0m &amp;#27;[90m# null&amp;#27;[0m
    &amp;#27;[33mThen &amp;#27;[0m&amp;#27;[33mce meme maitre n&apos;est pas attribu? au padawan&amp;#27;[0m                             &amp;#27;[90m# null&amp;#27;[0m
</system-out>
  </testcase>
  <testcase classname="US 3 - Pour un padawan pouvoir lui attribuer un maitre" name="Attribuer un meme maitre (meme nom et prenom) a un padawan" time="0.001">
    <skipped/>
  </testcase>
  <testcase classname="US 3 - Pour un padawan pouvoir lui attribuer un maitre" name="Attribuer un meme maitre (meme nom et prenom) a un padawan" time="0.001">
    <skipped/>
  </testcase>
  <testcase classname="US 3 - Pour un padawan pouvoir lui attribuer un maitre" name="Connaitre la liste des padawans d&apos;un maitre" time="0.001">
    <skipped/>
    <system-out>
  @tag @tag3
  Scenario: Connaitre la liste des padawans d&apos;un maitre                        &amp;#27;[90m# com/dauphine/TP3_AGILE/US 3 - Pour un padawan pouvoir lui attribuer un maître.feature:21&amp;#27;[0m
    &amp;#27;[33mGiven &amp;#27;[0m&amp;#27;[33mdes padawan et un maitre existant&amp;#27;[0m                                    &amp;#27;[90m# null&amp;#27;[0m
    &amp;#27;[33mWhen &amp;#27;[0m&amp;#27;[33mle createur d univers a rattache 0 ou plus padawans a un maitre&amp;#27;[0m       &amp;#27;[90m# null&amp;#27;[0m
    &amp;#27;[33mThen &amp;#27;[0m&amp;#27;[33mLa liste des padawans d&apos;un maitre contient bien ses padawans rajoutes&amp;#27;[0m &amp;#27;[90m# null&amp;#27;[0m
</system-out>
  </testcase>
  <testcase classname="US 3 - Pour un padawan pouvoir lui attribuer un maitre" name="Connaitre la liste des padawans d&apos;un maitre" time="0.001">
    <skipped/>
  </testcase>
  <testcase classname="US 3 - Pour un padawan pouvoir lui attribuer un maitre" name="Connaitre la liste des padawans d&apos;un maitre" time="0.001">
    <skipped/>
  </testcase>
</testsuite>